c:\users\carlo\desktop\diligentengine\build\win64\diligentsamples\tutorials\tutorial04_instancing\tutorial04_instancing.dir\debug\texturedcube.obj
c:\users\carlo\desktop\diligentengine\build\win64\diligentsamples\tutorials\tutorial04_instancing\tutorial04_instancing.dir\debug\sphere.obj
c:\users\carlo\desktop\diligentengine\build\win64\diligentsamples\tutorials\tutorial04_instancing\tutorial04_instancing.dir\debug\tutorial04_instancing.obj
c:\users\carlo\desktop\diligentengine\build\win64\diligentsamples\tutorials\tutorial04_instancing\tutorial04_instancing.dir\debug\vc143.pdb
c:\users\carlo\desktop\diligentengine\build\win64\diligentsamples\tutorials\tutorial04_instancing\cmakefiles\generate.stamp
c:\users\carlo\desktop\diligentengine\build\win64\diligentsamples\tutorials\tutorial04_instancing\debug\tutorial04_instancing.exe
c:\users\carlo\desktop\diligentengine\build\win64\diligentsamples\tutorials\tutorial04_instancing\debug\tutorial04_instancing.pdb
c:\users\carlo\desktop\diligentengine\build\win64\diligentsamples\tutorials\tutorial04_instancing\tutorial04_instancing.dir\debug\win32appresource.res
c:\users\carlo\desktop\diligentengine\build\win64\diligentsamples\tutorials\tutorial04_instancing\tutorial04_instancing.dir\debug\tutorial04_instancing.ilk
c:\users\carlo\desktop\diligentengine\build\win64\diligentsamples\tutorials\tutorial04_instancing\tutorial04_instancing.dir\debug\tutorial.4e21f369.tlog\cl.11044.write.1.tlog
c:\users\carlo\desktop\diligentengine\build\win64\diligentsamples\tutorials\tutorial04_instancing\tutorial04_instancing.dir\debug\tutorial.4e21f369.tlog\cl.command.1.tlog
c:\users\carlo\desktop\diligentengine\build\win64\diligentsamples\tutorials\tutorial04_instancing\tutorial04_instancing.dir\debug\tutorial.4e21f369.tlog\cl.items.tlog
c:\users\carlo\desktop\diligentengine\build\win64\diligentsamples\tutorials\tutorial04_instancing\tutorial04_instancing.dir\debug\tutorial.4e21f369.tlog\cl.read.1.tlog
c:\users\carlo\desktop\diligentengine\build\win64\diligentsamples\tutorials\tutorial04_instancing\tutorial04_instancing.dir\debug\tutorial.4e21f369.tlog\custombuild.command.1.tlog
c:\users\carlo\desktop\diligentengine\build\win64\diligentsamples\tutorials\tutorial04_instancing\tutorial04_instancing.dir\debug\tutorial.4e21f369.tlog\custombuild.read.1.tlog
c:\users\carlo\desktop\diligentengine\build\win64\diligentsamples\tutorials\tutorial04_instancing\tutorial04_instancing.dir\debug\tutorial.4e21f369.tlog\custombuild.write.1.tlog
c:\users\carlo\desktop\diligentengine\build\win64\diligentsamples\tutorials\tutorial04_instancing\tutorial04_instancing.dir\debug\tutorial.4e21f369.tlog\fxc.command.1.tlog
c:\users\carlo\desktop\diligentengine\build\win64\diligentsamples\tutorials\tutorial04_instancing\tutorial04_instancing.dir\debug\tutorial.4e21f369.tlog\fxc.read.1.tlog
c:\users\carlo\desktop\diligentengine\build\win64\diligentsamples\tutorials\tutorial04_instancing\tutorial04_instancing.dir\debug\tutorial.4e21f369.tlog\link.command.1.tlog
c:\users\carlo\desktop\diligentengine\build\win64\diligentsamples\tutorials\tutorial04_instancing\tutorial04_instancing.dir\debug\tutorial.4e21f369.tlog\link.read.1.tlog
c:\users\carlo\desktop\diligentengine\build\win64\diligentsamples\tutorials\tutorial04_instancing\tutorial04_instancing.dir\debug\tutorial.4e21f369.tlog\link.secondary.1.tlog
c:\users\carlo\desktop\diligentengine\build\win64\diligentsamples\tutorials\tutorial04_instancing\tutorial04_instancing.dir\debug\tutorial.4e21f369.tlog\link.write.1.tlog
c:\users\carlo\desktop\diligentengine\build\win64\diligentsamples\tutorials\tutorial04_instancing\tutorial04_instancing.dir\debug\tutorial.4e21f369.tlog\rc.command.1.tlog
c:\users\carlo\desktop\diligentengine\build\win64\diligentsamples\tutorials\tutorial04_instancing\tutorial04_instancing.dir\debug\tutorial.4e21f369.tlog\rc.read.1.tlog
c:\users\carlo\desktop\diligentengine\build\win64\diligentsamples\tutorials\tutorial04_instancing\tutorial04_instancing.dir\debug\tutorial.4e21f369.tlog\rc.write.1.tlog
